<?xml version="1.0" encoding="UTF-8"?>
<!-- Generated by org.testng.reporters.JUnitXMLReporter -->
<testsuite hostname="DESKTOP-62U3C5E" ignored="0" name="Command line test" tests="2" failures="0" timestamp="2023-02-02T16:18:16 IST" time="7.316" errors="0">
  <testcase name="runScenario" time="5.497" classname="io.cucumber.testng.AbstractTestNGCucumberTests"/>
  <testcase name="runScenario" time="1.011" classname="io.cucumber.testng.AbstractTestNGCucumberTests"/>
</testsuite> <!-- Command line test -->
