<?xml version="1.0" encoding="UTF-8"?>
<testng-results skipped="0" failed="0" ignored="0" total="2" passed="2">
  <reporter-output>
  </reporter-output>
  <suite name="Surefire suite" duration-ms="7889" started-at="2023-02-02T16:23:10 IST" finished-at="2023-02-02T16:23:18 IST">
    <groups>
      <group name="cucumber">
        <method signature="AbstractTestNGCucumberTests.runScenario(io.cucumber.testng.PickleWrapper,io.cucumber.testng.FeatureWrapper)[pri:0, instance:cucumber.Options.TestRunner@2a17b7b6]" name="runScenario" class="io.cucumber.testng.AbstractTestNGCucumberTests"/>
      </group> <!-- cucumber -->
    </groups>
    <test name="Surefire test" duration-ms="7889" started-at="2023-02-02T16:23:10 IST" finished-at="2023-02-02T16:23:18 IST">
      <class name="cucumber.Options.TestRunner">
        <test-method status="PASS" signature="setUpClass(org.testng.ITestContext)[pri:0, instance:cucumber.Options.TestRunner@2a17b7b6]" name="setUpClass" is-config="true" duration-ms="361" started-at="2023-02-02T16:23:10 IST" finished-at="2023-02-02T16:23:10 IST">
          <params>
            <param index="0">
              <value>
                <![CDATA[org.testng.TestRunner@29ebbdf4]]>
              </value>
            </param>
          </params>
          <reporter-output>
          </reporter-output>
        </test-method> <!-- setUpClass -->
        <test-method status="PASS" signature="runScenario(io.cucumber.testng.PickleWrapper,io.cucumber.testng.FeatureWrapper)[pri:0, instance:cucumber.Options.TestRunner@2a17b7b6]" name="runScenario" duration-ms="6049" started-at="2023-02-02T16:23:10 IST" description="Runs Cucumber Scenarios" data-provider="scenarios" finished-at="2023-02-02T16:23:16 IST">
          <params>
            <param index="0">
              <value>
                <![CDATA["Verify is place is being Successfully added using AddPlaceAPI"]]>
              </value>
            </param>
            <param index="1">
              <value>
                <![CDATA["Validating Place API's"]]>
              </value>
            </param>
          </params>
          <reporter-output>
          </reporter-output>
        </test-method> <!-- runScenario -->
        <test-method status="PASS" signature="runScenario(io.cucumber.testng.PickleWrapper,io.cucumber.testng.FeatureWrapper)[pri:0, instance:cucumber.Options.TestRunner@2a17b7b6]" name="runScenario" duration-ms="1110" started-at="2023-02-02T16:23:16 IST" description="Runs Cucumber Scenarios" data-provider="scenarios" finished-at="2023-02-02T16:23:18 IST">
          <params>
            <param index="0">
              <value>
                <![CDATA["Verify if Delete Place Functionality is working"]]>
              </value>
            </param>
            <param index="1">
              <value>
                <![CDATA["Validating Place API's"]]>
              </value>
            </param>
          </params>
          <reporter-output>
          </reporter-output>
        </test-method> <!-- runScenario -->
        <test-method status="PASS" signature="tearDownClass()[pri:0, instance:cucumber.Options.TestRunner@2a17b7b6]" name="tearDownClass" is-config="true" duration-ms="321" started-at="2023-02-02T16:23:18 IST" finished-at="2023-02-02T16:23:18 IST">
          <reporter-output>
          </reporter-output>
        </test-method> <!-- tearDownClass -->
      </class> <!-- cucumber.Options.TestRunner -->
    </test> <!-- Surefire test -->
  </suite> <!-- Surefire suite -->
</testng-results>
